[    0.000000] Initializing cgroup subsys cpuset
[    0.000000] Initializing cgroup subsys cpu
[    0.000000] Initializing cgroup subsys cpuacct
[    0.000000] Linux version 4.4.0-83-generic (buildd@lgw01-29) (gcc version 5.4.0 20160609 (Ubuntu 5.4.0-6ubuntu1~16.04.4) ) #106-Ubuntu SMP Mon Jun 26 17:54:43 UTC 2017 (Ubuntu 4.4.0-83.106-generic 4.4.70)
[    0.000000] Command line: BOOT_IMAGE=/boot/vmlinuz-4.4.0-83-generic root=UUID=fe73ebe4-3cb5-4ec3-879c-7b86e720c3ef ro console=tty1 console=ttyS0
[    0.000000] KERNEL supported cpus:
[    0.000000]   Intel GenuineIntel
[    0.000000]   AMD AuthenticAMD
[    0.000000]   Centaur CentaurHauls
[    0.000000] x86/fpu: xstate_offset[2]:  576, xstate_sizes[2]:  256
[    0.000000] x86/fpu: Supporting XSAVE feature 0x01: 'x87 floating point registers'
[    0.000000] x86/fpu: Supporting XSAVE feature 0x02: 'SSE registers'
[    0.000000] x86/fpu: Supporting XSAVE feature 0x04: 'AVX registers'
[    0.000000] x86/fpu: Enabled xstate features 0x7, context size is 832 bytes, using 'standard' format.
[    0.000000] x86/fpu: Using 'lazy' FPU context switches.
[    0.000000] e820: BIOS-provided physical RAM map:
[    0.000000] BIOS-e820: [mem 0x0000000000000000-0x000000000009fbff] usable
[    0.000000] BIOS-e820: [mem 0x000000000009fc00-0x000000000009ffff] reserved
[    0.000000] BIOS-e820: [mem 0x00000000000f0000-0x00000000000fffff] reserved
[    0.000000] BIOS-e820: [mem 0x0000000000100000-0x000000003ffeffff] usable
[    0.000000] BIOS-e820: [mem 0x000000003fff0000-0x000000003fffffff] ACPI data
[    0.000000] BIOS-e820: [mem 0x00000000fec00000-0x00000000fec00fff] reserved
[    0.000000] BIOS-e820: [mem 0x00000000fee00000-0x00000000fee00fff] reserved
[    0.000000] BIOS-e820: [mem 0x00000000fffc0000-0x00000000ffffffff] reserved
[    0.000000] NX (Execute Disable) protection: active
[    0.000000] SMBIOS 2.5 present.
[    0.000000] Hypervisor detected: KVM
[    0.000000] e820: last_pfn = 0x3fff0 max_arch_pfn = 0x400000000
[    0.000000] MTRR: Disabled
[    0.000000] x86/PAT: MTRRs disabled, skipping PAT initialization too.
[    0.000000] x86/PAT: Configuration [0-7]: WB  WT  UC- UC  WB  WT  UC- UC  
[    0.000000] CPU MTRRs all blank - virtualized system.
[    0.000000] found SMP MP-table at [mem 0x0009fff0-0x0009ffff] mapped at [ffff88000009fff0]
[    0.000000] Scanning 1 areas for low memory corruption
[    0.000000] RAMDISK: [mem 0x36236000-0x37112fff]
[    0.000000] ACPI: Early table checksum verification disabled
[    0.000000] ACPI: RSDP 0x00000000000E0000 000024 (v02 VBOX  )
[    0.000000] ACPI: XSDT 0x000000003FFF0030 00003C (v01 VBOX   VBOXXSDT 00000001 ASL  00000061)
[    0.000000] ACPI: FACP 0x000000003FFF00F0 0000F4 (v04 VBOX   VBOXFACP 00000001 ASL  00000061)
[    0.000000] ACPI: DSDT 0x000000003FFF0470 0021C8 (v02 VBOX   VBOXBIOS 00000002 INTL 20100528)
[    0.000000] ACPI: FACS 0x000000003FFF0200 000040
[    0.000000] ACPI: FACS 0x000000003FFF0200 000040
[    0.000000] ACPI: APIC 0x000000003FFF0240 00005C (v02 VBOX   VBOXAPIC 00000001 ASL  00000061)
[    0.000000] ACPI: SSDT 0x000000003FFF02A0 0001CC (v01 VBOX   VBOXCPUT 00000002 INTL 20100528)
[    0.000000] No NUMA configuration found
[    0.000000] Faking a node at [mem 0x0000000000000000-0x000000003ffeffff]
[    0.000000] NODE_DATA(0) allocated [mem 0x3ffeb000-0x3ffeffff]
[    0.000000] kvm-clock: Using msrs 4b564d01 and 4b564d00
[    0.000000] kvm-clock: cpu 0, msr 0:3ffe3001, primary cpu clock
[    0.000000] kvm-clock: using sched offset of 3570152772 cycles
[    0.000000] clocksource: kvm-clock: mask: 0xffffffffffffffff max_cycles: 0x1cd42e4dffb, max_idle_ns: 881590591483 ns
[    0.000000] Zone ranges:
[    0.000000]   DMA      [mem 0x0000000000001000-0x0000000000ffffff]
[    0.000000]   DMA32    [mem 0x0000000001000000-0x000000003ffeffff]
[    0.000000]   Normal   empty
[    0.000000]   Device   empty
[    0.000000] Movable zone start for each node
[    0.000000] Early memory node ranges
[    0.000000]   node   0: [mem 0x0000000000001000-0x000000000009efff]
[    0.000000]   node   0: [mem 0x0000000000100000-0x000000003ffeffff]
[    0.000000] Initmem setup node 0 [mem 0x0000000000001000-0x000000003ffeffff]
[    0.000000] ACPI: PM-Timer IO Port: 0x4008
[    0.000000] IOAPIC[0]: apic_id 2, version 32, address 0xfec00000, GSI 0-23
[    0.000000] ACPI: INT_SRC_OVR (bus 0 bus_irq 0 global_irq 2 dfl dfl)
[    0.000000] ACPI: INT_SRC_OVR (bus 0 bus_irq 9 global_irq 9 high level)
[    0.000000] Using ACPI (MADT) for SMP configuration information
[    0.000000] smpboot: Allowing 2 CPUs, 0 hotplug CPUs
[    0.000000] PM: Registered nosave memory: [mem 0x00000000-0x00000fff]
[    0.000000] PM: Registered nosave memory: [mem 0x0009f000-0x0009ffff]
[    0.000000] PM: Registered nosave memory: [mem 0x000a0000-0x000effff]
[    0.000000] PM: Registered nosave memory: [mem 0x000f0000-0x000fffff]
[    0.000000] e820: [mem 0x40000000-0xfebfffff] available for PCI devices
[    0.000000] Booting paravirtualized kernel on KVM
[    0.000000] clocksource: refined-jiffies: mask: 0xffffffff max_cycles: 0xffffffff, max_idle_ns: 7645519600211568 ns
[    0.000000] setup_percpu: NR_CPUS:512 nr_cpumask_bits:512 nr_cpu_ids:2 nr_node_ids:1
[    0.000000] PERCPU: Embedded 33 pages/cpu @ffff88003fc00000 s98264 r8192 d28712 u1048576
[    0.000000] PV qspinlock hash table entries: 256 (order: 0, 4096 bytes)
[    0.000000] Built 1 zonelists in Node order, mobility grouping on.  Total pages: 257913
[    0.000000] Policy zone: DMA32
[    0.000000] Kernel command line: BOOT_IMAGE=/boot/vmlinuz-4.4.0-83-generic root=UUID=fe73ebe4-3cb5-4ec3-879c-7b86e720c3ef ro console=tty1 console=ttyS0
[    0.000000] PID hash table entries: 4096 (order: 3, 32768 bytes)
[    0.000000] Memory: 997356K/1048120K available (8469K kernel code, 1294K rwdata, 3984K rodata, 1488K init, 1316K bss, 50764K reserved, 0K cma-reserved)
[    0.000000] SLUB: HWalign=64, Order=0-3, MinObjects=0, CPUs=2, Nodes=1
[    0.000000] Hierarchical RCU implementation.
[    0.000000] 	Build-time adjustment of leaf fanout to 64.
[    0.000000] 	RCU restricting CPUs from NR_CPUS=512 to nr_cpu_ids=2.
[    0.000000] RCU: Adjusting geometry for rcu_fanout_leaf=64, nr_cpu_ids=2
[    0.000000] NR_IRQS:33024 nr_irqs:440 16
[    0.000000] Console: colour VGA+ 80x25
[    0.000000] console [tty1] enabled
[    0.000000] console [ttyS0] enabled
[    0.000000] tsc: Detected 2599.998 MHz processor
[    2.233926] Calibrating delay loop (skipped) preset value.. 5199.99 BogoMIPS (lpj=10399992)
[    2.310606] pid_max: default: 32768 minimum: 301
[    2.364671] ACPI: Core revision 20150930
[    2.385872] ACPI: 2 ACPI AML tables successfully acquired and loaded
[    2.461651] Security Framework initialized
[    2.516990] Yama: becoming mindful.
[    2.534085] AppArmor: AppArmor initialized
[    2.574792] Dentry cache hash table entries: 131072 (order: 8, 1048576 bytes)
[    2.665976] Inode-cache hash table entries: 65536 (order: 7, 524288 bytes)
[    2.743197] Mount-cache hash table entries: 2048 (order: 2, 16384 bytes)
[    2.769345] Mountpoint-cache hash table entries: 2048 (order: 2, 16384 bytes)
[    2.776601] Initializing cgroup subsys io
[    2.791714] Initializing cgroup subsys memory
[    2.797700] Initializing cgroup subsys devices
[    2.815860] Initializing cgroup subsys freezer
[    2.840618] Initializing cgroup subsys net_cls
[    2.896845] Initializing cgroup subsys perf_event
[    2.903467] Initializing cgroup subsys net_prio
[    2.964995] Initializing cgroup subsys hugetlb
[    3.041465] Initializing cgroup subsys pids
[    3.101640] CPU: Physical Processor ID: 0
[    3.119439] CPU: Processor Core ID: 0
[    3.136429] mce: CPU supports 0 MCE banks
[    3.171305] Last level iTLB entries: 4KB 1024, 2MB 1024, 4MB 1024
[    3.197086] Last level dTLB entries: 4KB 1024, 2MB 1024, 4MB 1024, 1GB 4
[    3.228118] Freeing SMP alternatives memory: 32K (ffffffff820b9000 - ffffffff820c1000)
[    3.301660] ftrace: allocating 32129 entries in 126 pages
[    3.355737] smpboot: APIC(0) Converting physical 0 to logical package 0
[    3.378513] smpboot: Max logical packages: 1
[    3.379948] x2apic enabled
[    3.386693] Switched APIC routing to physical x2apic.
[    3.418757] ..TIMER: vector=0x30 apic1=0 pin1=2 apic2=-1 pin2=-1
[    3.528726] smpboot: CPU0: Intel(R) Core(TM) i5-4278U CPU @ 2.60GHz (family: 0x6, model: 0x45, stepping: 0x1)
[    3.563818] Performance Events: unsupported p6 CPU model 69 no PMU driver, software events only.
[    3.583914] KVM setup paravirtual spinlock
[    3.585477] x86: Booting SMP configuration:
[    3.586429] .... node  #0, CPUs:      #1
[    3.587431] kvm-clock: cpu 1, msr 0:3ffe3041, secondary cpu clock
[    3.610960] mce: CPU supports 0 MCE banks
[    3.615035] x86: Booted up 1 node, 2 CPUs
[    3.656295] smpboot: Total of 2 processors activated (10399.99 BogoMIPS)
[    3.670599] devtmpfs: initialized
[    3.738489] evm: security.selinux
[    3.772151] evm: security.SMACK64
[    3.772959] evm: security.SMACK64EXEC
[    3.773800] evm: security.SMACK64TRANSMUTE
[    3.775874] evm: security.SMACK64MMAP
[    3.805567] evm: security.ima
[    3.806756] evm: security.capability
[    3.822327] clocksource: jiffies: mask: 0xffffffff max_cycles: 0xffffffff, max_idle_ns: 7645041785100000 ns
[    3.856745] futex hash table entries: 512 (order: 3, 32768 bytes)
[    3.893094] pinctrl core: initialized pinctrl subsystem
[    3.942457] RTC time: 16:16:28, date: 07/21/17
[    3.944932] NET: Registered protocol family 16
[    3.957064] cpuidle: using governor ladder
[    4.020574] cpuidle: using governor menu
[    4.056749] PCCT header not found.
[    4.090193] ACPI: bus type PCI registered
[    4.127909] acpiphp: ACPI Hot Plug PCI Controller Driver version: 0.5
[    4.193163] PCI: Using configuration type 1 for base access
[    4.251479] ACPI: Added _OSI(Module Device)
[    4.289671] ACPI: Added _OSI(Processor Device)
[    4.325882] ACPI: Added _OSI(3.0 _SCP Extensions)
[    4.346023] ACPI: Added _OSI(Processor Aggregator Device)
[    4.370039] ACPI: Executed 1 blocks of module-level executable AML code
[    4.440676] ACPI: Interpreter enabled
[    4.474225] ACPI: (supports S0 S5)
[    4.507563] ACPI: Using IOAPIC for interrupt routing
[    4.560239] PCI: Using host bridge windows from ACPI; if necessary, use "pci=nocrs" and report a bug
[    4.592197] ACPI: PCI Root Bridge [PCI0] (domain 0000 [bus 00-ff])
[    4.605605] acpi PNP0A03:00: _OSC: OS supports [ASPM ClockPM Segments MSI]
[    4.629440] acpi PNP0A03:00: _OSC failed (AE_NOT_FOUND); disabling ASPM
[    4.695198] acpi PNP0A03:00: fail to add MMCONFIG information, can't access extended PCI configuration space under this bridge.
[    4.784506] PCI host bridge to bus 0000:00
[    4.832746] pci_bus 0000:00: root bus resource [io  0x0000-0x0cf7 window]
[    4.904167] pci_bus 0000:00: root bus resource [io  0x0d00-0xffff window]
[    4.971654] pci_bus 0000:00: root bus resource [mem 0x000a0000-0x000bffff window]
[    4.989897] pci_bus 0000:00: root bus resource [mem 0x40000000-0xffdfffff window]
[    5.049885] pci_bus 0000:00: root bus resource [bus 00-ff]
[    5.099351] pci 0000:00:01.1: legacy IDE quirk: reg 0x10: [io  0x01f0-0x01f7]
[    5.171981] pci 0000:00:01.1: legacy IDE quirk: reg 0x14: [io  0x03f6]
[    5.242268] pci 0000:00:01.1: legacy IDE quirk: reg 0x18: [io  0x0170-0x0177]
[    5.243829] pci 0000:00:01.1: legacy IDE quirk: reg 0x1c: [io  0x0376]
[    5.273641] pci 0000:00:07.0: quirk: [io  0x4000-0x403f] claimed by PIIX4 ACPI
[    5.347348] pci 0000:00:07.0: quirk: [io  0x4100-0x410f] claimed by PIIX4 SMB
[    5.367555] ACPI: PCI Interrupt Link [LNKA] (IRQs 5 9 10 *11)
[    5.386762] ACPI: PCI Interrupt Link [LNKB] (IRQs 5 9 10 *11)
[    5.439665] ACPI: PCI Interrupt Link [LNKC] (IRQs 5 9 *10 11)
[    5.441981] ACPI: PCI Interrupt Link [LNKD] (IRQs 5 *9 10 11)
[    5.492107] ACPI: Enabled 2 GPEs in block 00 to 07
[    5.498524] vgaarb: setting as boot device: PCI:0000:00:02.0
[    5.507791] vgaarb: device added: PCI:0000:00:02.0,decodes=io+mem,owns=io+mem,locks=none
[    5.518236] vgaarb: loaded
[    5.526785] vgaarb: bridge control possible 0000:00:02.0
[    5.533914] SCSI subsystem initialized
[    5.544029] ACPI: bus type USB registered
[    5.548757] usbcore: registered new interface driver usbfs
[    5.551574] usbcore: registered new interface driver hub
[    5.570005] usbcore: registered new device driver usb
[    5.604836] PCI: Using ACPI for IRQ routing
[    5.606163] NetLabel: Initializing
[    5.606978] NetLabel:  domain hash size = 128
[    5.607942] NetLabel:  protocols = UNLABELED CIPSOv4
[    5.619971] NetLabel:  unlabeled traffic allowed by default
[    5.622711] amd_nb: Cannot enumerate AMD northbridges
[    5.662460] clocksource: Switched to clocksource kvm-clock
[    5.675101] AppArmor: AppArmor Filesystem Enabled
[    5.720574] pnp: PnP ACPI init
[    5.742849] pnp: PnP ACPI: found 3 devices
[    5.786014] clocksource: acpi_pm: mask: 0xffffff max_cycles: 0xffffff, max_idle_ns: 2085701024 ns
[    5.793902] NET: Registered protocol family 2
[    5.812885] TCP established hash table entries: 8192 (order: 4, 65536 bytes)
[    5.849414] TCP bind hash table entries: 8192 (order: 5, 131072 bytes)
[    5.850997] TCP: Hash tables configured (established 8192 bind 8192)
[    5.852463] UDP hash table entries: 512 (order: 2, 16384 bytes)
[    5.853729] UDP-Lite hash table entries: 512 (order: 2, 16384 bytes)
[    5.858996] NET: Registered protocol family 1
[    5.859976] pci 0000:00:00.0: Limiting direct PCI/PCI transfers
[    5.861217] pci 0000:00:01.0: Activating ISA DMA hang workarounds
[    5.863926] Unpacking initramfs...
[    6.093816] Freeing initrd memory: 15220K (ffff880036236000 - ffff880037113000)
[    6.252234] RAPL PMU detected, API unit is 2^-32 Joules, 4 fixed counters 10737418240 ms ovfl timer
[    6.359533] hw unit of domain pp0-core 2^-0 Joules
[    6.464950] hw unit of domain package 2^-0 Joules
[    6.549504] hw unit of domain dram 2^-0 Joules
[    6.581599] hw unit of domain pp1-gpu 2^-0 Joules
[    6.601566] platform rtc_cmos: registered platform RTC device (no PNP device found)
[    6.668647] Scanning for low memory corruption every 60 seconds
[    6.685761] audit: initializing netlink subsys (disabled)
[    6.761344] audit: type=2000 audit(1500653791.148:1): initialized
[    6.777808] Initialise system trusted keyring
[    6.820290] HugeTLB registered 2 MB page size, pre-allocated 0 pages
[    6.856967] zbud: loaded
[    6.916254] VFS: Disk quotas dquot_6.6.0
[    6.991627] VFS: Dquot-cache hash table entries: 512 (order 0, 4096 bytes)
[    7.134196] squashfs: version 4.0 (2009/01/31) Phillip Lougher
[    7.195882] fuse init (API version 7.23)
[    7.235612] Key type big_key registered
[    7.245548] Allocating IMA MOK and blacklist keyrings.
[    7.264442] Key type asymmetric registered
[    7.337664] Asymmetric key parser 'x509' registered
[    7.439635] Block layer SCSI generic (bsg) driver version 0.4 loaded (major 249)
[    7.519441] io scheduler noop registered
[    7.541415] io scheduler deadline registered (default)
[    7.595396] io scheduler cfq registered
[    7.665545] pci_hotplug: PCI Hot Plug PCI Core version: 0.5
[    7.668138] tsc: Refined TSC clocksource calibration: 2603.172 MHz
[    7.668141] clocksource: tsc: mask: 0xffffffffffffffff max_cycles: 0x2585f06d532, max_idle_ns: 440795261665 ns
[    7.689286] pciehp: PCI Express Hot Plug Controller Driver version: 0.4
[    7.725041] ACPI: AC Adapter [AC] (on-line)
[    7.738697] input: Power Button as /devices/LNXSYSTM:00/LNXPWRBN:00/input/input0
[    7.765969] ACPI: Power Button [PWRF]
[    7.776347] input: Sleep Button as /devices/LNXSYSTM:00/LNXSLPBN:00/input/input1
[    7.817999] ACPI: Sleep Button [SLPF]
[    7.828748] ACPI: Battery Slot [BAT0] (battery present)
[    7.868303] GHES: HEST is not enabled!
[    7.869383] Serial: 8250/16550 driver, 32 ports, IRQ sharing enabled
[    7.892726] 00:02: ttyS0 at I/O 0x3f8 (irq = 4, base_baud = 115200) is a 16550A
[    7.915932] Linux agpgart interface v0.103
[    7.931991] loop: module loaded
[    7.978289] scsi host0: ata_piix
[    8.011340] scsi host1: ata_piix
[    8.037535] ata1: PATA max UDMA/33 cmd 0x1f0 ctl 0x3f6 bmdma 0xd000 irq 14
[    8.046864] ata2: PATA max UDMA/33 cmd 0x170 ctl 0x376 bmdma 0xd008 irq 15
[    8.067875] libphy: Fixed MDIO Bus: probed
[    8.073330] tun: Universal TUN/TAP device driver, 1.6
[    8.076571] tun: (C) 1999-2004 Max Krasnyansky <maxk@qualcomm.com>
[    8.078997] PPP generic driver version 2.4.2
[    8.098442] ehci_hcd: USB 2.0 'Enhanced' Host Controller (EHCI) Driver
[    8.105787] ehci-pci: EHCI PCI platform driver
[    8.109213] ehci-platform: EHCI generic platform driver
[    8.125399] ohci_hcd: USB 1.1 'Open' Host Controller (OHCI) Driver
[    8.130384] ohci-pci: OHCI PCI platform driver
[    8.142106] ohci-platform: OHCI generic platform driver
[    8.143413] uhci_hcd: USB Universal Host Controller Interface driver
[    8.144927] i8042: PNP: PS/2 Controller [PNP0303:PS2K,PNP0f03:PS2M] at 0x60,0x64 irq 1,12
[    8.149454] serio: i8042 KBD port at 0x60,0x64 irq 1
[    8.159510] serio: i8042 AUX port at 0x60,0x64 irq 12
[    8.162807] mousedev: PS/2 mouse device common for all mice
[    8.167574] input: AT Translated Set 2 keyboard as /devices/platform/i8042/serio0/input/input2
[    8.170055] rtc_cmos rtc_cmos: rtc core: registered rtc_cmos as rtc0
[    8.178555] rtc_cmos rtc_cmos: alarms up to one day, 114 bytes nvram
[    8.182823] i2c /dev entries driver
[    8.190290] device-mapper: uevent: version 1.0.3
[    8.210880] device-mapper: ioctl: 4.34.0-ioctl (2015-10-28) initialised: dm-devel@redhat.com
[    8.228044] ledtrig-cpu: registered to indicate activity on CPUs
[    8.246131] NET: Registered protocol family 10
[    8.255960] NET: Registered protocol family 17
[    8.257771] Key type dns_resolver registered
[    8.258963] microcode: CPU0 sig=0x40651, pf=0x40, revision=0x0
[    8.286951] microcode: CPU1 sig=0x40651, pf=0x40, revision=0x0
[    8.296774] microcode: Microcode Update Driver: v2.01 <tigran@aivazian.fsnet.co.uk>, Peter Oruba
[    8.298796] registered taskstats version 1
[    8.306599] Loading compiled-in X.509 certificates
[    8.308789] Loaded X.509 cert 'Build time autogenerated kernel key: 35105354eb779045e4d9ad793dead39d5ee93f76'
[    8.339935] zswap: loaded using pool lzo/zbud
[    8.364050] Key type trusted registered
[    8.379162] Key type encrypted registered
[    8.421715] AppArmor: AppArmor sha1 policy hashing enabled
[    8.455935] ima: No TPM chip found, activating TPM-bypass!
[    8.457580] evm: HMAC attrs: 0x1
[    8.459107]   Magic number: 9:2:288
[    8.473257] tty tty21: hash matches
[    8.505106] acpi PNP0400:01: hash matches
[    8.506169] rtc_cmos rtc_cmos: setting system clock to 2017-07-21 16:16:33 UTC (1500653793)
[    8.539547] BIOS EDD facility v0.16 2004-Jun-25, 0 devices found
[    8.555602] EDD information not available.
[    8.558033] Freeing unused kernel memory: 1488K (ffffffff81f45000 - ffffffff820b9000)
[    8.572703] Write protecting the kernel read-only data: 14336k
[    8.576386] Freeing unused kernel memory: 1760K (ffff880001848000 - ffff880001a00000)
[    8.600919] Freeing unused kernel memory: 112K (ffff880001de4000 - ffff880001e00000)
Loading, please wait...
[    8.649326] random: systemd-udevd: uninitialized urandom read (16 bytes read, 3 bits of entropy available)
starting version[    8.650131] random: udevadm: uninitialized urandom read (16 bytes read, 3 bits of entropy available)
 229
[    8.650163] random: udevadm: uninitialized urandom read (16 bytes read, 3 bits of entropy available)
[    8.650262] random: udevadm: uninitialized urandom read (16 bytes read, 3 bits of entropy available)
[    8.650323] random: udevadm: uninitialized urandom read (16 bytes read, 3 bits of entropy available)
[    8.650381] random: udevadm: uninitialized urandom read (16 bytes read, 3 bits of entropy available)
[    8.650435] random: udevadm: uninitialized urandom read (16 bytes read, 3 bits of entropy available)
[    8.650556] random: udevadm: uninitialized urandom read (16 bytes read, 3 bits of entropy available)
[    8.650614] random: udevadm: uninitialized urandom read (16 bytes read, 3 bits of entropy available)
[    8.650670] random: udevadm: uninitialized urandom read (16 bytes read, 3 bits of entropy available)
[    9.292105] e1000: Intel(R) PRO/1000 Network Driver - version 7.3.21-k8-NAPI
[    9.299877] e1000: Copyright (c) 1999-2006 Intel Corporation.
[    9.305927] Fusion MPT base driver 3.04.20
[    9.308020] Copyright (c) 1999-2008 LSI Corporation
[    9.328510] AVX version of gcm_enc/dec engaged.
[    9.342275] AES CTR mode by8 optimization enabled
[    9.365040] Fusion MPT SPI Host driver 3.04.20
[    9.514216] input: ImExPS/2 Generic Explorer Mouse as /devices/platform/i8042/serio1/input/input4
[    9.671261] e1000 0000:00:03.0 eth0: (PCI:33MHz:32-bit) 02:1f:cd:66:25:7a
[    9.704617] e1000 0000:00:03.0 eth0: Intel(R) PRO/1000 Network Connection
[   10.139441] e1000 0000:00:08.0 eth1: (PCI:33MHz:32-bit) 08:00:27:31:fe:6d
[   10.165878] e1000 0000:00:08.0 eth1: Intel(R) PRO/1000 Network Connection
[   10.175157] e1000 0000:00:08.0 enp0s8: renamed from eth1
[   10.249325] mptbase: ioc0: Initiating bringup
[   10.303047] e1000 0000:00:03.0 enp0s3: renamed from eth0
[   10.367220] ioc0: LSI53C1030 A0: Capabilities={Initiator}
[   10.549662] scsi host2: ioc0: LSI53C1030 A0, FwRev=00000000h, Ports=1, MaxQ=256, IRQ=20
[   10.699643] scsi 2:0:0:0: Direct-Access     VBOX     HARDDISK         1.0  PQ: 0 ANSI: 5
[   10.830590] scsi target2:0:0: Beginning Domain Validation
[   10.900977] scsi target2:0:0: Domain Validation skipping write tests
[   10.938051] scsi target2:0:0: Ending Domain Validation
[   10.995771] scsi target2:0:0: asynchronous
[   11.031959] scsi 2:0:1:0: Direct-Access     VBOX     HARDDISK         1.0  PQ: 0 ANSI: 5
[   11.087824] scsi target2:0:1: Beginning Domain Validation
[   11.105391] scsi target2:0:1: Domain Validation skipping write tests
[   11.110038] scsi target2:0:1: Ending Domain Validation
[   11.166207] scsi target2:0:1: asynchronous
[   11.198549] sd 2:0:0:0: Attached scsi generic sg0 type 0
[   11.240638] sd 2:0:0:0: [sda] 20971520 512-byte logical blocks: (10.7 GB/10.0 GiB)
[   11.247062] sd 2:0:1:0: Attached scsi generic sg1 type 0
[   11.291911] sd 2:0:1:0: [sdb] 20480 512-byte logical blocks: (10.5 MB/10.0 MiB)
[   11.292046] sd 2:0:0:0: [sda] Write Protect is off
[   11.292174] sd 2:0:0:0: [sda] Incomplete mode parameter data
[   11.292175] sd 2:0:0:0: [sda] Assuming drive cache: write through
[   11.424742]  sda: sda1
[   11.425454] sd 2:0:0:0: [sda] Attached SCSI disk
[   11.757968] sd 2:0:1:0: [sdb] Write Protect is off
[   11.837918] sd 2:0:1:0: [sdb] Incomplete mode parameter data
[   11.877750] sd 2:0:1:0: [sdb] Assuming drive cache: write through
[   11.937833] sd 2:0:1:0: [sdb] Attached SCSI disk
[   12.326641] floppy0: no floppy controllers found
Begin: Loading e[   13.780534] md: linear personality registered for level -1
ssential drivers[   13.855997] md: multipath personality registered for level -4
 ... [   13.943425] md: raid0 personality registered for level 0
[   14.020225] md: raid1 personality registered for level 1
[   14.122493] raid6: sse2x1   gen()  7608 MB/s
[   14.242520] raid6: sse2x1   xor()  7079 MB/s
[   14.338961] raid6: sse2x2   gen() 10824 MB/s
[   14.446667] raid6: sse2x2   xor()  7275 MB/s
[   14.562512] raid6: sse2x4   gen() 11006 MB/s
[   14.674597] raid6: sse2x4   xor()  5513 MB/s
[   14.716343] raid6: using algorithm sse2x4 gen() 11006 MB/s
[   14.792186] raid6: .... xor() 5513 MB/s, rmw enabled
[   14.800760] raid6: using ssse3x2 recovery algorithm
[   14.813983] xor: automatically using best checksumming function:
[   14.903425]    avx       : 28986.000 MB/sec
[   14.978983] async_tx: api initialized (async)
[   15.031853] md: raid6 personality registered for level 6
[   15.116222] md: raid5 personality registered for level 5
[   15.131976] md: raid4 personality registered for level 4
[   15.182281] md: raid10 personality registered for level 10
done.
Begin: Running /scripts/init-premount ... done.
Begin: Mounting root file sys[   15.256425] Btrfs loaded
tem ... Begin: Running /scripts/local-top ... done.
Begin: Running /scripts/local-premount ... [   15.313655] EXT4-fs (sda1): mounted filesystem with ordered data mode. Opts: (null)
Scanning for Btrfs filesystems
done.
Warning: fsck not present, so skipping root file system
done.
Begin: Running /scripts/local-bottom ... done.
Begin: Running /scripts/init-bottom ... done.
[   15.549680] systemd[1]: systemd 229 running in system mode. (+PAM +AUDIT +SELINUX +IMA +APPARMOR +SMACK +SYSVINIT +UTMP +LIBCRYPTSETUP +GCRYPT +GNUTLS +ACL +XZ -LZ4 +SECCOMP +BLKID +ELFUTILS +KMOD -IDN)
[   15.792005] systemd[1]: Detected virtualization oracle.
[   15.793132] systemd[1]: Detected architecture x86-64.

Welcome to [1mUbuntu 16.04.2 LTS[0m!

[   15.827381] systemd[1]: Set hostname to <webproject>.
[   16.043486] systemd[1]: Reached target Encrypted Volumes.
[[0;32m  OK  [0m] Reached target Encrypted Volumes.
[   16.155092] systemd[1]: Listening on Journal Socket.
[[0;32m  OK  [0m] Listening on Journal Socket.
[   16.281464] systemd[1]: Listening on Syslog Socket.
[[0;32m  OK  [0m] Listening on Syslog Socket.
[   16.324816] systemd[1]: Listening on /dev/initctl Compatibility Named Pipe.
[[0;32m  OK  [0m] Listening on /dev/initctl Compatibility Named Pipe.
[   16.453927] systemd[1]: Reached target User and Group Name Lookups.
[[0;32m  OK  [0m] Reached target User and Group Name Lookups.
[   16.582977] systemd[1]: Created slice User and Session Slice.
[[0;32m  OK  [0m] Created slice User and Session Slice.
[   16.658461] systemd[1]: Listening on udev Control Socket.
[[0;32m  OK  [0m] Listening on udev Control Socket.
[   16.756251] systemd[1]: Listening on LVM2 metadata daemon socket.
[[0;32m  OK  [0m] Listening on LVM2 metadata daemon socket.
[   16.786866] systemd[1]: Reached target Swap.
[[0;32m  OK  [0m] Reached target Swap.
[   16.827830] systemd[1]: Started Trigger resolvconf update for networkd DNS.
[[0;32m  OK  [0m] Started Trigger resolvconf update for networkd DNS.
[   16.858926] systemd[1]: Listening on Device-mapper event daemon FIFOs.
[[0;32m  OK  [0m] Listening on Device-mapper event daemon FIFOs.
[   16.877495] systemd[1]: Listening on Journal Audit Socket.
[[0;32m  OK  [0m] Listening on Journal Audit Socket.
[   16.903403] systemd[1]: Set up automount Arbitrary Executable File Formats File System Automount Point.
[[0;32m  OK  [0m] Set up automount Arbitrary Executab...ats File System Automount Point.
[   16.979005] systemd[1]: Started Forward Password Requests to Wall Directory Watch.
[[0;32m  OK  [0m] Started Forward Password Requests to Wall Directory Watch.
[   17.033167] systemd[1]: Listening on LVM2 poll daemon socket.
[[0;32m  OK  [0m] Listening on LVM2 poll daemon socket.
[   17.073497] systemd[1]: Created slice System Slice.
[[0;32m  OK  [0m] Created slice System Slice.
[   17.087068] systemd[1]: Starting Uncomplicated firewall...
         Starting Uncomplicated firewall...
[   17.179532] systemd[1]: Starting Set console keymap...
         Starting Set console keymap...
[   17.226858] systemd[1]: Starting Remount Root and Kernel File Systems...
         Starting Remount Root and Kernel[   17.290308] EXT4-fs (sda1): re-mounted. Opts: (null)
 File Systems...
[   17.382543] systemd[1]: Mounting POSIX Message Queue File System...
         Mounting POSIX Message Queue File System...
[   17.451062] systemd[1]: Mounting Debug File System...
         Mounting Debug File System...
[   17.546860] systemd[1]: Mounting Huge Pages File System...
         Mounting Huge Pages File System...
[   17.650735] systemd[1]: Starting Load Kernel Modules...
         Starting Load Ke[   17.721192] Loading iSCSI transport class v2.0-870.
rnel Modules...
[   17.783408] systemd[1]: Created slice system-serial\x2dgetty.slice.
[[0;32m  OK  [0[   17.787720] iscsi: registered transport (tcp)
m] Created slice system-serial\x2dgetty.slice.
[   17.834781] systemd[1]: Starting Nameserver information manager...
[   17.848577] iscsi: registered transport (iser)
         [   17.875835] random: nonblocking pool is initialized
Starting Nameserver information manager...
[   17.958799] systemd[1]: Starting Monitoring of LVM2 mirrors, snapshots etc. using dmeventd or progress polling...
         Starting Monitoring of LVM2 mirrors... dmeventd or progress polling...
[   18.047835] systemd[1]: Starting Create list of required static device nodes for the current kernel...
         Starting Create list of required st... nodes for the current kernel...
[   18.163103] systemd[1]: Reached target Slices.
[[0;32m  OK  [0m] Reached target Slices.
[   18.256044] systemd[1]: Listening on udev Kernel Socket.
[[0;32m  OK  [0m] Listening on udev Kernel Socket.
[   18.282409] systemd[1]: Listening on Journal Socket (/dev/log).
[[0;32m  OK  [0m] Listening on Journal Socket (/dev/log).
[   18.362869] systemd[1]: Starting Journal Service...
         Starting Journal Service...
[   18.455990] systemd[1]: Mounted Huge Pages File System.
[[0;32m  OK  [0m] Mounted Huge Pages File System.
[   18.571346] systemd[1]: Mounted Debug File System.
[[0;32m  OK  [0m] Mounted Debug File System.
[   18.670874] systemd[1]: Mounted POSIX Message Queue File System.
[[0;32m  OK  [0m] Mounted POSIX Message Queue File System.
[   18.842816] systemd[1]: Started Journal Service.
[[0;32m  OK  [0m] Started Journal Service.
[[0;32m  OK  [0m] Started Uncomplicated firewall.
[[0;32m  OK  [0m] Started Set console keymap.
[[0;32m  OK  [0m] Started Remount Root and Kernel File Systems.
[[0;32m  OK  [0m] Started Load Kernel Modules.
[[0;32m  OK  [0m] Started Create list of required sta...ce nodes for the current kernel.
[[0;32m  OK  [0m] Started Nameserver information manager.
[[0;32m  OK  [0m] Started LVM2 metadata daemon.
         Starting Create Static Device Nodes in /dev...
         Mounting FUSE Control File System...
         Starting Apply Kernel Variables...
         Starting udev Coldplug all Devices...
         Starting Load/Save Random Seed...
         Starting Initial cloud-init job (pre-networking)...
         Starting Flush Journal to Persistent Storage...
[[0;32m  OK  [0m] Mounted FUSE Control File System.
[[0;32m  OK  [0m] Started Monitoring of LVM2 mirrors,...ng dmeventd or progress polling.
[[0;32m  OK  [0m] Started Create Static Device Nodes in /dev.
[[0;32m  OK  [0m] Started Apply Kernel Variables.
[[0;32m  OK  [0m] Started Load/Save Random Seed.
[[0;32m  OK  [0m] Started udev Coldplug all Devices.
[[0;32m  OK  [0m] Started Flush Journal to Persistent Storage.
         Starting udev Kernel Device Manager...
[[0;32m  OK  [0m] Started udev Kernel Device Manager.
[[0;32m  OK  [0m] Started Dispatch Password Requests to Console Directory Watch.
[[0;32m  OK  [0m] Reached target Local File Systems (Pre).
[[0;32m  OK  [0m] Reached target Local File Systems.
         Starting Set console font and keymap...
         Starting Tell Plymouth To Write Out Runtime Data...
         Starting LSB: AppArmor initialization...
         Starting Create Volatile Files and Directories...
[[0;32m  OK  [0m] Started Tell Plymouth To Write Out Runtime Data.
[[0;32m  OK  [0m] Started Create Volatile Files and Directories.
[[0;32m  OK  [0m] Found device /dev/ttyS0.
         Starting Update UTMP about System Boot/Shutdown...
[[0;32m  OK  [0m] Reached target System Time Synchronized.
[[0;32m  OK  [0m] Started Set console font and keymap.
[   15.618466] cloud-init[460]: Cloud-init v. 0.7.9 running 'init-local' at Fri, 21 Jul 2017 16:16:45 +0000. Up 15.29 seconds.
[[0;32m  OK  [0m] Started LSB: AppArmor initialization.
[[0;32m  OK  [0m] Started Initial cloud-init job (pre-networking).
[[0;32m  OK  [0m] Started Update UTMP about System Boot/Shutdown.
[[0;32m  OK  [0m] Found device 82540EM Gigabit Ethern...r (PRO/1000 MT Desktop Adapter).
[[0;32m  OK  [0m] Listening on Load/Save RF Kill Switch Status /dev/rfkill Watch.
[[0;32m  OK  [0m] Reached target Network (Pre).
[[0;32m  OK  [0m] Started ifup for enp0s8.
         Starting Raise network interfaces...
[[0;32m  OK  [0m] Started ifup for enp0s3.
[[0;32m  OK  [0m] Created slice system-getty.slice.
[[0;32m  OK  [0m] Started Raise network interfaces.
[[0;32m  OK  [0m] Reached target Network.
         Starting Initial cloud-init job (metadata service crawler)...
[   18.820278] cloud-init[1059]: Cloud-init v. 0.7.9 running 'init' at Fri, 21 Jul 2017 16:16:48 +0000. Up 18.53 seconds.
[   18.928767] [cloud-init[0;32m  OK  [0m[1059]: ] ci-info: ++++++++++++++++++++++++++++++++++++++Net device info++++++++++++++++++++++++++++++++++++++Started Initial cloud-init job (metadata service crawler).

[   18.929329] cloud-init[1059]: ci-info: +--------+------+-----------------------------+---------------+-------+-------------------+
[   19.136763] [cloud-init[0;32m  OK  [0m[1059]: ] ci-info: | Device |  Up  |           Address           |      Mask     | Scope |     Hw-Address    |Reached target Network is Online.

[   19.137272] cloud-init[1059]: ci-info: +--------+------+-----------------------------+---------------+-------+-------------------+
[   19.282712]          cloud-initStarting iSCSI initiator daemon (iscsid)...[1059]: 
ci-info: |   lo   | True |          127.0.0.1          |   255.0.0.0   |   .   |         .         |
[   19.404909] [cloud-init[0;32m  OK  [0m[1059]: ] ci-info: |   lo   | True |           ::1/128           |       .       |  host |         .         |Reached target Cloud-config availability.

[   19.405508] [cloud-init[0;32m  OK  [0m[1059]: ] ci-info: | enp0s8 | True |         192.168.1.25        | 255.255.255.0 |   .   | 08:00:27:31:fe:6d |Reached target System Initialization.

[[0;32m  OK  [0m] Started Daily Cleanup of Temporary Directories.
[   19.580449] cloud-init[1059]: ci-info: | enp0s8 | True | fe80::a00:27ff:fe31:fe6d/64 |       .       |  link | 08:00:27:31:fe:6d |
[   19.640967]          cloud-initStarting Socket activation for snappy daemon.[1059]: 
ci-info: | enp0s3 | True |          10.0.2.15          | 255.255.255.0 |   .   | 02:1f:cd:66:25:7a |
[   19.772356] [cloud-init[0;32m  OK  [0m[1059]: ] ci-info: | enp0s3 | True |  fe80::1f:cdff:fe66:257a/64 |       .       |  link | 02:1f:cd:66:25:7a |Started ACPI Events Check.

[[0;32m  OK  [0m] Reached target Paths.
[[0;32m  OK  [0m] Listening on ACPID Listen Socket.
[   19.773073] cloud-init[1059]: ci-info: +--------+------+-----------------------------+---------------+-------+-------------------+
[   20.032536] [cloud-init[0;32m  OK  [0m[1059]: ] ci-info: +++++++++++++++++++++++++++Route IPv4 info++++++++++++++++++++++++++++Started Daily apt activities.

[[0;32m  OK  [0m] Started Timer to automatically refresh installed snaps.
[[0;32m  OK  [0m] Reached target Timers.
[[0;32m  OK  [0m] Listening on UUID daemon activation socket.
[   20.033114] cloud-init[1059]: ci-info: +-------+-------------+----------+---------------+-----------+-------+
[   20.118957] [cloud-init[0;32m  OK  [0m[1059]: ] ci-info: | Route | Destination | Gateway  |    Genmask    | Interface | Flags |Listening on D-Bus System Message Bus Socket.

[   20.119521] cloud-init[1059]: ci-info: +-------+-------------+----------+---------------+-----------+-------+
[   20.129533]          cloud-initStarting LXD - unix socket.[1059]: 
ci-info: |   0   |   0.0.0.0   | 10.0.2.2 |    0.0.0.0    |   enp0s3  |   UG  |
[   20.130183] cloud-init[1059]: ci-info: |   1   |   10.0.2.0  | 0.0.0.0  | 255.255.255.0 |   enp0s3  |   U   |
[   20.160983] cloud-init[1059]: ci-info: |   2   | 192.168.1.0 | 0.0.0.0  | 255.255.255.0 |   enp0s8  |   U   |
[   20.176405] cloud-init[1059]: ci-info: +-------+-------------+----------+---------------+-----------+-------+
[[0;32m  OK  [0m] Listening on Socket activation for snappy daemon.
[[0;32m  OK  [0m] Listening on LXD - unix socket.
[[0;32m  OK  [0m] Started iSCSI initiator daemon (iscsid).
         Starting Login to default iSCSI targets...
[[0;32m  OK  [0m] Reached target Sockets.
[[0;32m  OK  [0m] Reached target Basic System.
         Starting Accounts Service...
         Starting Apply the settings specified in cloud-config...
[[0;32m  OK  [0m] Started Unattended Upgrades Shutdown.
[[0;32m  OK  [0m] Started Regular background program processing daemon.
         Starting MySQL Community Server...
         Starting System Logging Service...
         Starting LSB: MD monitoring daemon...
         Starting /etc/rc.local Compatibility...
         Starting Login Service...
[[0;32m  OK  [0m] Started FUSE filesystem for LXC.
         Starting OpenBSD Secure Shell server...
[[0;32m  OK  [0m] Started D-Bus System Message Bus.
[[0;32m  OK  [0m] Started Deferred execution scheduler.
         Starting LXD - container startup/shutdown...
[[0;32m  OK  [0m] Started ACPI event daemon.
         Starting LSB: Record successful boot for GRUB...
[[0;32m  OK  [0m] Started Snappy daemon.
         Starting Auto import assertions from block devices...
[   21.017329] cloud-init[1119]: Cloud-init v. 0.7.9 running 'modules:config' at Fri, 21 Jul 2017 16:16:50 +0000. Up 20.68 seconds.
[[0;32m  OK  [0m] Started System Logging Service.
[[0;32m  OK  [0m] Started OpenBSD Secure Shell server.
[[0;32m  OK  [0m] Started Apply the settings specified in cloud-config.
[[0;32m  OK  [0m] Started /etc/rc.local Compatibility.
[[0;32m  OK  [0m] Started LXD - container startup/shutdown.
[[0;32m  OK  [0m] Started Auto import assertions from block devices.
[[0;32m  OK  [0m] Started Login to default iSCSI targets.
[[0;32m  OK  [0m] Started LSB: MD monitoring daemon.
[[0;32m  OK  [0m] Started LSB: Record successful boot for GRUB.
[[0;32m  OK  [0m] Started Login Service.
         Starting Authenticate and Authorize Users to Run Privileged Tasks...
[[0;32m  OK  [0m] Reached target Remote File Systems (Pre).
[[0;32m  OK  [0m] Reached target Remote File Systems.
         Starting LSB: Set the CPU Frequency Scaling governor to "ondemand"...
         Starting LSB: daemon to balance interrupts for SMP systems...
         Starting LSB: VirtualBox Linux Additions...
         Starting LSB: Apache2 web server...
         Starting Permit User Sessions...
         Starting LSB: automatic crash report generation...
[[0;32m  OK  [0m] Started Permit User Sessions.
[[0;32m  OK  [0m] Started Authenticate and Authorize Users to Run Privileged Tasks.
[[0;32m  OK  [0m] Started Accounts Service.
[[0;32m  OK  [0m] Started LSB: Set the CPU Frequency Scaling governor to "ondemand".
[[0;32m  OK  [0m] Started LSB: daemon to balance interrupts for SMP systems.
         Starting Terminate Plymouth Boot Screen...
         Starting Hold until boot process finishes up...
[[0;32m  OK  [0m] Started LSB: automatic crash report generation.
[[0;32m  OK  [0m] Started Terminate Plymouth Boot Screen.
[[0;32m  OK  [0m] Started LSB: VirtualBox Linux Additions.
[[0;32m  OK  [0m] Started Hold until boot process finishes up.
[[0;32m  OK  [0m] Started Getty on tty1.
[[0;32m  OK  [0m] Started Serial Getty on ttyS0.
[[0;32m  OK  [0m] Reached target Login Prompts.
         Starting Set console scheme...
[[0;32m  OK  [0m] Started MySQL Community Server.
[[0;32m  OK  [0m] Started Set console scheme.
[[0;32m  OK  [0m] Created slice User Slice of ubuntu.
         Starting User Manager for UID 1000...
[[0;32m  OK  [0m] Started User Manager for UID 1000.
[[0;32m  OK  [0m] Started Session 1 of user ubuntu.
[[0;32m  OK  [0m] Started LSB: Apache2 web server.
[[0;32m  OK  [0m] Reached target Multi-User System.
[[0;32m  OK  [0m] Reached target Graphical Interface.
         Starting Execute cloud user/final scripts...
         Starting Update UTMP about System Runlevel Changes...
[[0;32m  OK  [0m] Started Update UTMP about System Runlevel Changes.
[   23.911242] cloud-init[1488]: Cloud-init v. 0.7.9 running 'modules:final' at Fri, 21 Jul 2017 16:16:53 +0000. Up 23.78 seconds.
[   24.004859] [cloud-init[0;32m  OK  [0m[1488]: ] Cloud-init v. 0.7.9 finished at Fri, 21 Jul 2017 16:16:54 +0000. Datasource DataSourceNoCloud [seed=/dev/sdb][dsmode=net].  Up 23.90 secondsStarted Execute cloud user/final scripts.

[[0;32m  OK  [0m] Reached target Cloud-init target.

Ubuntu 16.04.2 LTS webproject ttyS0

webproject login:          Stopping User Manager for UID 1000...
         Stopping Session 3 of usert         Stopping LSB: MD monitoring daemon...
         Stopping LSB: Record successful boot for GRUB...
         Stopping Unattended Upgrades Shutdown...
         Stopping Regular background program processing daemon...
         Stopping LSB: Set the CPU Frequency Scaling governor to "ondemand"...
         Stopping D-Bus System Message Bus...
         Stopping OpenBSD Secure Shell server...
         Stopping Deferred execution scheduler...
         Stopping System Logging Service...
         Stopping LSB: VirtualBox Linux Additions...
         Stopping LSB: Apache2 web server...
         Stopping LSB: daemon to balance interrupts for SMP systems...
         Stopping Snappy daemon...
         Stopping FUSE filesystem for LXC...
         Stopping LSB: automatic crash report generation...
[[0;32m  OK  [0m] Unmounted /var/lib/lxcfs.
[[0;32m  OK  [0m] Stopped Accounts Service.
[[0;32m  OK  [0m] Stopped Regular background program processing daemon.
[[0;32m  OK  [0m] Stopped System Logging Service.
[[0;32m  OK  [0m] Stopped OpenBSD Secure Shell server.
[[0;32m  OK  [0m] Stopped Deferred execution scheduler.
[[0;32m  OK  [0m] Stopped ACPI event daemon.
[[0;32m  OK  [0m] Stopped Snappy daemon.
[[0;32m  OK  [0m] Stopped Authenticate and Authorize Users to Run Privileged Tasks.
[[0;32m  OK  [0m] Stopped Getty on tty1.
[[0;32m  OK  [0m] Stopped Serial Getty on ttyS0.
[[0;32m  OK  [0m] Stopped User Manager for UID 1000.
[[0;32m  OK  [0m] Stopped Session 1 of user ubuntu.
[[0;32m  OK  [0m] Stopped Session 3 of user ubuntu.
[[0;32m  OK  [0m] Stopped Unattended Upgrades Shutdown.
[[0;32m  OK  [0m] Stopped D-Bus System Message Bus.
[[0;32m  OK  [0m] Stopped FUSE filesystem for LXC.
[[0;32m  OK  [0m] Stopped LXD - container startup/shutdown.
[[0;32m  OK  [0m] Stopped LSB: MD monitoring daemon.
[[0;32m  OK  [0m] Stopped LSB: Record successful boot for GRUB.
[[0;32m  OK  [0m] Stopped LSB: Set the CPU Frequency Scaling governor to "ondemand".
[[0;32m  OK  [0m] Stopped LSB: daemon to balance interrupts for SMP systems.
[[0;32m  OK  [0m] Stopped LSB: VirtualBox Linux Additions.
[[0;32m  OK  [0m] Stopped LSB: automatic crash report generation.
[[0;32m  OK  [0m] Removed slice User Slice of ubuntu.
         Stopping Login Service...
[[0;32m  OK  [0m] Removed slice system-serial\x2dgetty.slice.
         Stopping Permit User Sessions...
[[0;32m  OK  [0m] Removed slice system-getty.slice.
[[0;32m  OK  [0m] Stopped /etc/rc.local Compatibility.
[[0;32m  OK  [0m] Stopped Login Service.
[[0;32m  OK  [0m] Stopped MySQL Community Server.
[[0;32m  OK  [0m] Stopped Permit User Sessions.
[[0;32m  OK  [0m] Stopped target User and Group Name Lookups.
[[0;32m  OK  [0m] Stopped LSB: Apache2 web server.
[[0;32m  OK  [0m] Stopped target Remote File Systems.
[[0;32m  OK  [0m] Stopped target Remote File Systems (Pre).
         Stopping Login to default iSCSI targets...
[[0;32m  OK  [0m] Stopped target Basic System.
[[0;32m  OK  [0m] Stopped target Slices.
[[0;32m  OK  [0m] Removed slice User and Session Slice.
[[0;32m  OK  [0m] Stopped target Paths.
[[0;32m  OK  [0m] Stopped Dispatch Password Requests to Console Directory Watch.
[[0;32m  OK  [0m] Stopped Forward Password Requests to Wall Directory Watch.
[[0;32m  OK  [0m] Stopped ACPI Events Check.
[[0;32m  OK  [0m] Stopped target Sockets.
[[0;32m  OK  [0m] Closed ACPID Listen Socket.
[[0;32m  OK  [0m] Closed LXD - unix socket.
[[0;32m  OK  [0m] Closed Socket activation for snappy daemon.
[[0;32m  OK  [0m] Closed UUID daemon activation socket.
[[0;32m  OK  [0m] Closed Syslog Socket.
[[0;32m  OK  [0m] Closed D-Bus System Message Bus Socket.
[[0;32m  OK  [0m] Stopped target System Initialization.
         Stopping Update UTMP about System Boot/Shutdown...
[[0;32m  OK  [0m] Stopped target Swap.
         Stopping Load/Save Random Seed...
[[0;32m  OK  [0m] Stopped target Encrypted Volumes.
[[0;32m  OK  [0m] Stopped Load/Save Random Seed.
[[0;32m  OK  [0m] Stopped Login to default iSCSI targets.
[[0;32m  OK  [0m] Stopped Update UTMP about System Boot/Shutdown.
[[0;32m  OK  [0m] Stopped Create Volatile Files and Directories.
         Stopping iSCSI initiator daemon (iscsid)...
[[0;32m  OK  [0m] Stopped iSCSI initiator daemon (iscsid).
[[0;32m  OK  [0m] Stopped target Network is Online.
[[0;32m  OK  [0m] Stopped Initial cloud-init job (metadata service crawler).
[[0;32m  OK  [0m] Stopped target Network.
         Stopping Raise network interfaces...
[[0;32m  OK  [0m] Stopped Raise network interfaces.
[[0;32m  OK  [0m] Stopped Apply Kernel Variables.
[[0;32m  OK  [0m] Stopped target Network (Pre).
[[0;32m  OK  [0m] Stopped Initial cloud-init job (pre-networking).
[[0;32m  OK  [0m] Stopped target Local File Systems.
         Unmounting /vagrant...
         Unmounting /run/user/1000...
         Unmounting /var/www/html...
[[0;32m  OK  [0m] Stopped Load Kernel Modules.
[[0;32m  OK  [0m] Unmounted /vagrant.
[[0;32m  OK  [0m] Unmounted /run/user/1000.
[[0;32m  OK  [0m] Unmounted /var/www/html.
[[0;32m  OK  [0m] Reached target Unmount All Filesystems.
[[0;32m  OK  [0m] Stopped target Local File Systems (Pre).
[[0;32m  OK  [0m] Stopped Remount Root and Kernel File Systems.
[[0;32m  OK  [0m] Stopped Create Static Device Nodes in /dev.
[[0;32m  OK  [0m] Reached target Shutdown.
[  159.737910] reboot: Power down